<?xml version="1.0" encoding="UTF-8"?>
<coverage generated="1568309201316" clover="3.2.0">
  <project timestamp="1568309201317" name="All files">
    <metrics statements="152" coveredstatements="119" conditionals="82" coveredconditionals="44" methods="56" coveredmethods="38" elements="290" coveredelements="201" complexity="0" loc="152" ncloc="152" packages="8" files="14" classes="14"/>
    <package name="src">
      <metrics statements="5" coveredstatements="5" conditionals="4" coveredconditionals="3" methods="1" coveredmethods="1"/>
      <file name="schema.ts" path="/home/renan/www/relayable/packages/server/src/schema.ts">
        <metrics statements="5" coveredstatements="5" conditionals="4" coveredconditionals="3" methods="1" coveredmethods="1"/>
        <line num="1" count="2" type="cond" truecount="3" falsecount="1"/>
        <line num="3" count="1" type="stmt"/>
        <line num="4" count="1" type="stmt"/>
        <line num="6" count="1" type="stmt"/>
        <line num="10" count="1" type="stmt"/>
      </file>
    </package>
    <package name="src.interface">
      <metrics statements="12" coveredstatements="12" conditionals="17" coveredconditionals="6" methods="5" coveredmethods="4"/>
      <file name="NodeInterface.ts" path="/home/renan/www/relayable/packages/server/src/interface/NodeInterface.ts">
        <metrics statements="12" coveredstatements="12" conditionals="17" coveredconditionals="6" methods="5" coveredmethods="4"/>
        <line num="1" count="1" type="cond" truecount="3" falsecount="9"/>
        <line num="3" count="1" type="stmt"/>
        <line num="6" count="1" type="stmt"/>
        <line num="12" count="1" type="stmt"/>
        <line num="15" count="1" type="stmt"/>
        <line num="16" count="1" type="stmt"/>
        <line num="17" count="1" type="stmt"/>
        <line num="28" count="1" type="stmt"/>
        <line num="30" count="1" type="stmt"/>
        <line num="31" count="1" type="stmt"/>
        <line num="33" count="1" type="cond" truecount="2" falsecount="1"/>
        <line num="36" count="1" type="cond" truecount="1" falsecount="1"/>
      </file>
    </package>
    <package name="src.loader">
      <metrics statements="2" coveredstatements="2" conditionals="8" coveredconditionals="3" methods="1" coveredmethods="1"/>
      <file name="index.ts" path="/home/renan/www/relayable/packages/server/src/loader/index.ts">
        <metrics statements="2" coveredstatements="2" conditionals="8" coveredconditionals="3" methods="1" coveredmethods="1"/>
        <line num="1" count="1" type="cond" truecount="3" falsecount="5"/>
        <line num="3" count="1" type="stmt"/>
      </file>
    </package>
    <package name="src.model">
      <metrics statements="2" coveredstatements="2" conditionals="4" coveredconditionals="3" methods="1" coveredmethods="1"/>
      <file name="index.ts" path="/home/renan/www/relayable/packages/server/src/model/index.ts">
        <metrics statements="2" coveredstatements="2" conditionals="4" coveredconditionals="3" methods="1" coveredmethods="1"/>
        <line num="1" count="1" type="cond" truecount="3" falsecount="1"/>
        <line num="3" count="1" type="stmt"/>
      </file>
    </package>
    <package name="src.modules.user">
      <metrics statements="44" coveredstatements="35" conditionals="16" coveredconditionals="10" methods="15" coveredmethods="10"/>
      <file name="UserLoader.ts" path="/home/renan/www/relayable/packages/server/src/modules/user/UserLoader.ts">
        <metrics statements="28" coveredstatements="23" conditionals="12" coveredconditionals="7" methods="7" coveredmethods="6"/>
        <line num="1" count="2" type="cond" truecount="4" falsecount="0"/>
        <line num="2" count="1" type="stmt"/>
        <line num="4" count="1" type="stmt"/>
        <line num="18" count="1" type="stmt"/>
        <line num="19" count="1" type="stmt"/>
        <line num="20" count="1" type="stmt"/>
        <line num="21" count="1" type="stmt"/>
        <line num="22" count="1" type="stmt"/>
        <line num="23" count="1" type="stmt"/>
        <line num="25" count="1" type="stmt"/>
        <line num="27" count="1" type="stmt"/>
        <line num="28" count="1" type="stmt"/>
        <line num="30" count="1" type="stmt"/>
        <line num="34" count="1" type="cond" truecount="1" falsecount="1"/>
        <line num="36" count="1" type="stmt"/>
        <line num="39" count="1" type="stmt"/>
        <line num="44" count="1" type="cond" truecount="2" falsecount="2"/>
        <line num="45" count="0" type="stmt"/>
        <line num="49" count="1" type="stmt"/>
        <line num="50" count="1" type="stmt"/>
        <line num="52" count="0" type="stmt"/>
        <line num="54" count="1" type="stmt"/>
        <line num="55" count="1" type="stmt"/>
        <line num="57" count="1" type="stmt"/>
        <line num="61" count="0" type="stmt"/>
        <line num="63" count="0" type="cond" truecount="0" falsecount="2"/>
        <line num="65" count="0" type="stmt"/>
        <line num="66" count="1" type="stmt"/>
      </file>
      <file name="UserModel.ts" path="/home/renan/www/relayable/packages/server/src/modules/user/UserModel.ts">
        <metrics statements="4" coveredstatements="4" conditionals="4" coveredconditionals="3" methods="1" coveredmethods="1"/>
        <line num="1" count="1" type="cond" truecount="3" falsecount="1"/>
        <line num="3" count="1" type="stmt"/>
        <line num="36" count="1" type="stmt"/>
        <line num="38" count="1" type="stmt"/>
      </file>
      <file name="UserType.ts" path="/home/renan/www/relayable/packages/server/src/modules/user/UserType.ts">
        <metrics statements="12" coveredstatements="8" conditionals="0" coveredconditionals="0" methods="7" coveredmethods="3"/>
        <line num="1" count="1" type="stmt"/>
        <line num="2" count="1" type="stmt"/>
        <line num="3" count="1" type="stmt"/>
        <line num="6" count="1" type="stmt"/>
        <line num="10" count="1" type="stmt"/>
        <line num="11" count="1" type="stmt"/>
        <line num="14" count="0" type="stmt"/>
        <line num="18" count="0" type="stmt"/>
        <line num="22" count="1" type="stmt"/>
        <line num="26" count="0" type="stmt"/>
        <line num="30" count="0" type="stmt"/>
        <line num="37" count="1" type="stmt"/>
      </file>
    </package>
    <package name="src.modules.user.mutation">
      <metrics statements="31" coveredstatements="13" conditionals="10" coveredconditionals="6" methods="11" coveredmethods="2"/>
      <file name="LoginWithGithub.ts" path="/home/renan/www/relayable/packages/server/src/modules/user/mutation/LoginWithGithub.ts">
        <metrics statements="14" coveredstatements="5" conditionals="6" coveredconditionals="3" methods="3" coveredmethods="1"/>
        <line num="1" count="1" type="cond" truecount="3" falsecount="1"/>
        <line num="2" count="1" type="stmt"/>
        <line num="4" count="1" type="stmt"/>
        <line num="5" count="1" type="stmt"/>
        <line num="7" count="1" type="stmt"/>
        <line num="17" count="0" type="stmt"/>
        <line num="23" count="0" type="stmt"/>
        <line num="25" count="0" type="stmt"/>
        <line num="27" count="0" type="cond" truecount="0" falsecount="2"/>
        <line num="28" count="0" type="stmt"/>
        <line num="31" count="0" type="stmt"/>
        <line num="38" count="0" type="stmt"/>
        <line num="40" count="0" type="stmt"/>
        <line num="45" count="0" type="stmt"/>
      </file>
      <file name="helpers.ts" path="/home/renan/www/relayable/packages/server/src/modules/user/mutation/helpers.ts">
        <metrics statements="15" coveredstatements="6" conditionals="0" coveredconditionals="0" methods="7" coveredmethods="0"/>
        <line num="1" count="1" type="stmt"/>
        <line num="15" count="1" type="stmt"/>
        <line num="18" count="0" type="stmt"/>
        <line num="26" count="0" type="stmt"/>
        <line num="28" count="0" type="stmt"/>
        <line num="31" count="1" type="stmt"/>
        <line num="34" count="0" type="stmt"/>
        <line num="35" count="0" type="stmt"/>
        <line num="37" count="0" type="stmt"/>
        <line num="38" count="1" type="stmt"/>
        <line num="42" count="1" type="stmt"/>
        <line num="46" count="0" type="stmt"/>
        <line num="47" count="0" type="stmt"/>
        <line num="48" count="0" type="stmt"/>
        <line num="49" count="1" type="stmt"/>
      </file>
      <file name="index.ts" path="/home/renan/www/relayable/packages/server/src/modules/user/mutation/index.ts">
        <metrics statements="2" coveredstatements="2" conditionals="4" coveredconditionals="3" methods="1" coveredmethods="1"/>
        <line num="1" count="1" type="cond" truecount="3" falsecount="1"/>
        <line num="3" count="1" type="stmt"/>
      </file>
    </package>
    <package name="src.type">
      <metrics statements="17" coveredstatements="11" conditionals="10" coveredconditionals="6" methods="7" coveredmethods="4"/>
      <file name="MutationType.ts" path="/home/renan/www/relayable/packages/server/src/type/MutationType.ts">
        <metrics statements="4" coveredstatements="4" conditionals="4" coveredconditionals="3" methods="2" coveredmethods="2"/>
        <line num="1" count="1" type="cond" truecount="3" falsecount="1"/>
        <line num="3" count="1" type="stmt"/>
        <line num="5" count="1" type="stmt"/>
        <line num="7" count="1" type="stmt"/>
      </file>
      <file name="QueryType.ts" path="/home/renan/www/relayable/packages/server/src/type/QueryType.ts">
        <metrics statements="13" coveredstatements="7" conditionals="6" coveredconditionals="3" methods="5" coveredmethods="2"/>
        <line num="1" count="1" type="cond" truecount="3" falsecount="1"/>
        <line num="2" count="1" type="stmt"/>
        <line num="3" count="1" type="stmt"/>
        <line num="4" count="1" type="stmt"/>
        <line num="5" count="1" type="stmt"/>
        <line num="8" count="1" type="stmt"/>
        <line num="11" count="1" type="stmt"/>
        <line num="15" count="0" type="stmt"/>
        <line num="22" count="0" type="stmt"/>
        <line num="35" count="0" type="cond" truecount="0" falsecount="2"/>
        <line num="36" count="0" type="stmt"/>
        <line num="37" count="0" type="stmt"/>
        <line num="40" count="0" type="stmt"/>
      </file>
    </package>
    <package name="test">
      <metrics statements="39" coveredstatements="39" conditionals="13" coveredconditionals="7" methods="15" coveredmethods="15"/>
      <file name="createRows.js" path="/home/renan/www/relayable/packages/server/test/createRows.js">
        <metrics statements="9" coveredstatements="9" conditionals="1" coveredconditionals="1" methods="3" coveredmethods="3"/>
        <line num="1" count="1" type="stmt"/>
        <line num="3" count="1" type="stmt"/>
        <line num="4" count="1" type="stmt"/>
        <line num="5" count="1" type="stmt"/>
        <line num="8" count="1" type="stmt"/>
        <line num="10" count="1" type="cond" truecount="1" falsecount="0"/>
        <line num="11" count="1" type="stmt"/>
        <line num="13" count="1" type="stmt"/>
        <line num="20" count="1" type="stmt"/>
      </file>
      <file name="helper.js" path="/home/renan/www/relayable/packages/server/test/helper.js">
        <metrics statements="30" coveredstatements="30" conditionals="12" coveredconditionals="6" methods="12" coveredmethods="12"/>
        <line num="1" count="2" type="cond" truecount="6" falsecount="6"/>
        <line num="3" count="1" type="stmt"/>
        <line num="4" count="1" type="stmt"/>
        <line num="6" count="1" type="stmt"/>
        <line num="11" count="1" type="stmt"/>
        <line num="13" count="1" type="stmt"/>
        <line num="24" count="1" type="stmt"/>
        <line num="25" count="1" type="stmt"/>
        <line num="32" count="1" type="stmt"/>
        <line num="35" count="1" type="stmt"/>
        <line num="36" count="1" type="stmt"/>
        <line num="39" count="1" type="stmt"/>
        <line num="40" count="1" type="stmt"/>
        <line num="41" count="1" type="stmt"/>
        <line num="43" count="1" type="stmt"/>
        <line num="44" count="1" type="stmt"/>
        <line num="47" count="1" type="stmt"/>
        <line num="48" count="1" type="stmt"/>
        <line num="49" count="1" type="stmt"/>
        <line num="53" count="1" type="stmt"/>
        <line num="54" count="1" type="stmt"/>
        <line num="55" count="1" type="stmt"/>
        <line num="57" count="1" type="stmt"/>
        <line num="60" count="1" type="stmt"/>
        <line num="61" count="1" type="stmt"/>
        <line num="62" count="1" type="stmt"/>
        <line num="65" count="1" type="stmt"/>
        <line num="66" count="1" type="stmt"/>
        <line num="73" count="1" type="stmt"/>
        <line num="78" count="1" type="stmt"/>
      </file>
    </package>
  </project>
</coverage>
