{"/home/renan/www/relayable/packages/server/src/schema.ts": {"path":"/home/renan/www/relayable/packages/server/src/schema.ts","statementMap":{"0":{"start":{"line":1,"column":53},"end":{"line":1,"column":107}},"1":{"start":{"line":1,"column":109},"end":{"line":1,"column":169}},"2":{"start":{"line":1,"column":184},"end":{"line":1,"column":202}},"3":{"start":{"line":3,"column":17},"end":{"line":3,"column":44}},"4":{"start":{"line":3,"column":64},"end":{"line":3,"column":98}},"5":{"start":{"line":4,"column":20},"end":{"line":4,"column":50}},"6":{"start":{"line":4,"column":73},"end":{"line":4,"column":110}},"7":{"start":{"line":6,"column":16},"end":{"line":10,"column":2}},"8":{"start":{"line":10,"column":4},"end":{"line":10,"column":27}}},"fnMap":{"0":{"name":"_interopRequireDefault","decl":{"start":{"line":1,"column":23},"end":{"line":1,"column":45}},"loc":{"start":{"line":1,"column":51},"end":{"line":1,"column":109}},"line":1}},"branchMap":{"0":{"loc":{"start":{"line":1,"column":60},"end":{"line":1,"column":106}},"type":"cond-expr","locations":[{"start":{"line":1,"column":84},"end":{"line":1,"column":87}},{"start":{"line":1,"column":90},"end":{"line":1,"column":106}}],"line":1},"1":{"loc":{"start":{"line":1,"column":60},"end":{"line":1,"column":81}},"type":"binary-expr","locations":[{"start":{"line":1,"column":60},"end":{"line":1,"column":63}},{"start":{"line":1,"column":67},"end":{"line":1,"column":81}}],"line":1}},"s":{"0":2,"1":1,"2":1,"3":1,"4":1,"5":1,"6":1,"7":1,"8":1},"f":{"0":2},"b":{"0":[2,0],"1":[2,2]},"_coverageSchema":"43e27e138ebf9cfc5966b082cf9a028302ed4184","hash":"e8c3f76ad69491b53eac59f559455a36c8b17f26"}
,"/home/renan/www/relayable/packages/server/src/interface/NodeInterface.ts": {"path":"/home/renan/www/relayable/packages/server/src/interface/NodeInterface.ts","statementMap":{"0":{"start":{"line":1,"column":54},"end":{"line":1,"column":285}},"1":{"start":{"line":1,"column":83},"end":{"line":1,"column":94}},"2":{"start":{"line":1,"column":117},"end":{"line":1,"column":119}},"3":{"start":{"line":1,"column":121},"end":{"line":1,"column":246}},"4":{"start":{"line":1,"column":140},"end":{"line":1,"column":244}},"5":{"start":{"line":1,"column":163},"end":{"line":1,"column":242}},"6":{"start":{"line":1,"column":217},"end":{"line":1,"column":240}},"7":{"start":{"line":1,"column":247},"end":{"line":1,"column":268}},"8":{"start":{"line":1,"column":269},"end":{"line":1,"column":283}},"9":{"start":{"line":1,"column":327},"end":{"line":1,"column":381}},"10":{"start":{"line":1,"column":383},"end":{"line":1,"column":443}},"11":{"start":{"line":3,"column":20},"end":{"line":3,"column":44}},"12":{"start":{"line":6,"column":14},"end":{"line":6,"column":34}},"13":{"start":{"line":6,"column":50},"end":{"line":6,"column":82}},"14":{"start":{"line":12,"column":24},"end":{"line":12,"column":26}},"15":{"start":{"line":15,"column":2},"end":{"line":15,"column":35}},"16":{"start":{"line":16,"column":2},"end":{"line":16,"column":13}},"17":{"start":{"line":17,"column":2},"end":{"line":17,"column":38}},"18":{"start":{"line":28,"column":0},"end":{"line":37,"column":2}},"19":{"start":{"line":30,"column":25},"end":{"line":30,"column":74}},"20":{"start":{"line":31,"column":19},"end":{"line":31,"column":46}},"21":{"start":{"line":33,"column":4},"end":{"line":33,"column":51}},"22":{"start":{"line":36,"column":11},"end":{"line":36,"column":56}}},"fnMap":{"0":{"name":"_interopRequireWildcard","decl":{"start":{"line":1,"column":23},"end":{"line":1,"column":46}},"loc":{"start":{"line":1,"column":52},"end":{"line":1,"column":287}},"line":1},"1":{"name":"_interopRequireDefault","decl":{"start":{"line":1,"column":297},"end":{"line":1,"column":319}},"loc":{"start":{"line":1,"column":325},"end":{"line":1,"column":383}},"line":1},"2":{"name":"registerType","decl":{"start":{"line":14,"column":10},"end":{"line":14,"column":22}},"loc":{"start":{"line":14,"column":30},"end":{"line":17,"column":1}},"line":14},"3":{"name":"(anonymous_3)","decl":{"start":{"line":29,"column":2},"end":{"line":29,"column":3}},"loc":{"start":{"line":29,"column":21},"end":{"line":34,"column":3}},"line":29},"4":{"name":"(anonymous_4)","decl":{"start":{"line":36,"column":2},"end":{"line":36,"column":3}},"loc":{"start":{"line":36,"column":11},"end":{"line":36,"column":56}},"line":36}},"branchMap":{"0":{"loc":{"start":{"line":1,"column":54},"end":{"line":1,"column":285}},"type":"if","locations":[{"start":{"line":1,"column":54},"end":{"line":1,"column":285}},{"start":{"line":1,"column":54},"end":{"line":1,"column":285}}],"line":1},"1":{"loc":{"start":{"line":1,"column":58},"end":{"line":1,"column":79}},"type":"binary-expr","locations":[{"start":{"line":1,"column":58},"end":{"line":1,"column":61}},{"start":{"line":1,"column":65},"end":{"line":1,"column":79}}],"line":1},"2":{"loc":{"start":{"line":1,"column":121},"end":{"line":1,"column":246}},"type":"if","locations":[{"start":{"line":1,"column":121},"end":{"line":1,"column":246}},{"start":{"line":1,"column":121},"end":{"line":1,"column":246}}],"line":1},"3":{"loc":{"start":{"line":1,"column":163},"end":{"line":1,"column":242}},"type":"if","locations":[{"start":{"line":1,"column":163},"end":{"line":1,"column":242}},{"start":{"line":1,"column":163},"end":{"line":1,"column":242}}],"line":1},"4":{"loc":{"start":{"line":1,"column":334},"end":{"line":1,"column":380}},"type":"cond-expr","locations":[{"start":{"line":1,"column":358},"end":{"line":1,"column":361}},{"start":{"line":1,"column":364},"end":{"line":1,"column":380}}],"line":1},"5":{"loc":{"start":{"line":1,"column":334},"end":{"line":1,"column":355}},"type":"binary-expr","locations":[{"start":{"line":1,"column":334},"end":{"line":1,"column":337}},{"start":{"line":1,"column":341},"end":{"line":1,"column":355}}],"line":1},"6":{"loc":{"start":{"line":33,"column":11},"end":{"line":33,"column":51}},"type":"binary-expr","locations":[{"start":{"line":33,"column":12},"end":{"line":33,"column":18}},{"start":{"line":33,"column":22},"end":{"line":33,"column":42}},{"start":{"line":33,"column":47},"end":{"line":33,"column":51}}],"line":33},"7":{"loc":{"start":{"line":36,"column":11},"end":{"line":36,"column":56}},"type":"binary-expr","locations":[{"start":{"line":36,"column":11},"end":{"line":36,"column":48}},{"start":{"line":36,"column":52},"end":{"line":36,"column":56}}],"line":36}},"s":{"0":1,"1":1,"2":0,"3":0,"4":0,"5":0,"6":0,"7":0,"8":0,"9":0,"10":1,"11":1,"12":1,"13":1,"14":1,"15":1,"16":1,"17":1,"18":1,"19":1,"20":1,"21":1,"22":1},"f":{"0":1,"1":0,"2":1,"3":1,"4":1},"b":{"0":[1,0],"1":[1,1],"2":[0,0],"3":[0,0],"4":[0,0],"5":[0,0],"6":[1,1,0],"7":[1,0]},"_coverageSchema":"43e27e138ebf9cfc5966b082cf9a028302ed4184","hash":"7382094422961073b7416b16e5224455859e8046"}
,"/home/renan/www/relayable/packages/server/src/loader/index.ts": {"path":"/home/renan/www/relayable/packages/server/src/loader/index.ts","statementMap":{"0":{"start":{"line":1,"column":54},"end":{"line":1,"column":285}},"1":{"start":{"line":1,"column":83},"end":{"line":1,"column":94}},"2":{"start":{"line":1,"column":117},"end":{"line":1,"column":119}},"3":{"start":{"line":1,"column":121},"end":{"line":1,"column":246}},"4":{"start":{"line":1,"column":140},"end":{"line":1,"column":244}},"5":{"start":{"line":1,"column":163},"end":{"line":1,"column":242}},"6":{"start":{"line":1,"column":217},"end":{"line":1,"column":240}},"7":{"start":{"line":1,"column":247},"end":{"line":1,"column":268}},"8":{"start":{"line":1,"column":269},"end":{"line":1,"column":283}},"9":{"start":{"line":1,"column":287},"end":{"line":1,"column":347}},"10":{"start":{"line":1,"column":365},"end":{"line":1,"column":402}},"11":{"start":{"line":1,"column":421},"end":{"line":1,"column":457}},"12":{"start":{"line":3,"column":0},"end":{"line":3,"column":32}}},"fnMap":{"0":{"name":"_interopRequireWildcard","decl":{"start":{"line":1,"column":23},"end":{"line":1,"column":46}},"loc":{"start":{"line":1,"column":52},"end":{"line":1,"column":287}},"line":1}},"branchMap":{"0":{"loc":{"start":{"line":1,"column":54},"end":{"line":1,"column":285}},"type":"if","locations":[{"start":{"line":1,"column":54},"end":{"line":1,"column":285}},{"start":{"line":1,"column":54},"end":{"line":1,"column":285}}],"line":1},"1":{"loc":{"start":{"line":1,"column":58},"end":{"line":1,"column":79}},"type":"binary-expr","locations":[{"start":{"line":1,"column":58},"end":{"line":1,"column":61}},{"start":{"line":1,"column":65},"end":{"line":1,"column":79}}],"line":1},"2":{"loc":{"start":{"line":1,"column":121},"end":{"line":1,"column":246}},"type":"if","locations":[{"start":{"line":1,"column":121},"end":{"line":1,"column":246}},{"start":{"line":1,"column":121},"end":{"line":1,"column":246}}],"line":1},"3":{"loc":{"start":{"line":1,"column":163},"end":{"line":1,"column":242}},"type":"if","locations":[{"start":{"line":1,"column":163},"end":{"line":1,"column":242}},{"start":{"line":1,"column":163},"end":{"line":1,"column":242}}],"line":1}},"s":{"0":1,"1":1,"2":0,"3":0,"4":0,"5":0,"6":0,"7":0,"8":0,"9":1,"10":1,"11":1,"12":1},"f":{"0":1},"b":{"0":[1,0],"1":[1,1],"2":[0,0],"3":[0,0]},"_coverageSchema":"43e27e138ebf9cfc5966b082cf9a028302ed4184","hash":"ea106c2578aac9e33e0e318ca133a9e7b709e210"}
,"/home/renan/www/relayable/packages/server/src/model/index.ts": {"path":"/home/renan/www/relayable/packages/server/src/model/index.ts","statementMap":{"0":{"start":{"line":1,"column":53},"end":{"line":1,"column":107}},"1":{"start":{"line":1,"column":109},"end":{"line":1,"column":169}},"2":{"start":{"line":1,"column":186},"end":{"line":1,"column":222}},"3":{"start":{"line":1,"column":242},"end":{"line":1,"column":276}},"4":{"start":{"line":3,"column":0},"end":{"line":3,"column":35}}},"fnMap":{"0":{"name":"_interopRequireDefault","decl":{"start":{"line":1,"column":23},"end":{"line":1,"column":45}},"loc":{"start":{"line":1,"column":51},"end":{"line":1,"column":109}},"line":1}},"branchMap":{"0":{"loc":{"start":{"line":1,"column":60},"end":{"line":1,"column":106}},"type":"cond-expr","locations":[{"start":{"line":1,"column":84},"end":{"line":1,"column":87}},{"start":{"line":1,"column":90},"end":{"line":1,"column":106}}],"line":1},"1":{"loc":{"start":{"line":1,"column":60},"end":{"line":1,"column":81}},"type":"binary-expr","locations":[{"start":{"line":1,"column":60},"end":{"line":1,"column":63}},{"start":{"line":1,"column":67},"end":{"line":1,"column":81}}],"line":1}},"s":{"0":1,"1":1,"2":1,"3":1,"4":1},"f":{"0":1},"b":{"0":[1,0],"1":[1,1]},"_coverageSchema":"43e27e138ebf9cfc5966b082cf9a028302ed4184","hash":"4a27cbf65b0e9d412f42f6c1f352ca22ca9cf7c7"}
,"/home/renan/www/relayable/packages/server/src/modules/user/UserLoader.ts": {"path":"/home/renan/www/relayable/packages/server/src/modules/user/UserLoader.ts","statementMap":{"0":{"start":{"line":1,"column":53},"end":{"line":1,"column":107}},"1":{"start":{"line":1,"column":109},"end":{"line":1,"column":169}},"2":{"start":{"line":1,"column":187},"end":{"line":1,"column":208}},"3":{"start":{"line":1,"column":229},"end":{"line":1,"column":264}},"4":{"start":{"line":2,"column":29},"end":{"line":2,"column":71}},"5":{"start":{"line":4,"column":17},"end":{"line":4,"column":39}},"6":{"start":{"line":4,"column":59},"end":{"line":4,"column":93}},"7":{"start":{"line":18,"column":4},"end":{"line":18,"column":21}},"8":{"start":{"line":19,"column":4},"end":{"line":19,"column":23}},"9":{"start":{"line":20,"column":4},"end":{"line":20,"column":35}},"10":{"start":{"line":21,"column":4},"end":{"line":21,"column":25}},"11":{"start":{"line":22,"column":4},"end":{"line":22,"column":27}},"12":{"start":{"line":23,"column":4},"end":{"line":23,"column":37}},"13":{"start":{"line":25,"column":2},"end":{"line":25,"column":25}},"14":{"start":{"line":27,"column":19},"end":{"line":28,"column":118}},"15":{"start":{"line":28,"column":2},"end":{"line":28,"column":118}},"16":{"start":{"line":28,"column":41},"end":{"line":28,"column":117}},"17":{"start":{"line":28,"column":120},"end":{"line":28,"column":149}},"18":{"start":{"line":30,"column":21},"end":{"line":37,"column":1}},"19":{"start":{"line":34,"column":2},"end":{"line":34,"column":24}},"20":{"start":{"line":34,"column":13},"end":{"line":34,"column":24}},"21":{"start":{"line":36,"column":2},"end":{"line":36,"column":23}},"22":{"start":{"line":39,"column":14},"end":{"line":55,"column":1}},"23":{"start":{"line":44,"column":2},"end":{"line":46,"column":3}},"24":{"start":{"line":45,"column":4},"end":{"line":45,"column":15}},"25":{"start":{"line":49,"column":2},"end":{"line":53,"column":3}},"26":{"start":{"line":50,"column":4},"end":{"line":50,"column":57}},"27":{"start":{"line":52,"column":4},"end":{"line":52,"column":15}},"28":{"start":{"line":54,"column":2},"end":{"line":54,"column":36}},"29":{"start":{"line":55,"column":3},"end":{"line":55,"column":22}},"30":{"start":{"line":57,"column":21},"end":{"line":66,"column":1}},"31":{"start":{"line":61,"column":15},"end":{"line":61,"column":59}},"32":{"start":{"line":63,"column":2},"end":{"line":63,"column":24}},"33":{"start":{"line":63,"column":13},"end":{"line":63,"column":24}},"34":{"start":{"line":65,"column":2},"end":{"line":65,"column":36}},"35":{"start":{"line":66,"column":3},"end":{"line":66,"column":36}}},"fnMap":{"0":{"name":"_interopRequireDefault","decl":{"start":{"line":1,"column":23},"end":{"line":1,"column":45}},"loc":{"start":{"line":1,"column":51},"end":{"line":1,"column":109}},"line":1},"1":{"name":"(anonymous_1)","decl":{"start":{"line":17,"column":2},"end":{"line":17,"column":3}},"loc":{"start":{"line":17,"column":21},"end":{"line":24,"column":3}},"line":17},"2":{"name":"(anonymous_2)","decl":{"start":{"line":27,"column":19},"end":{"line":27,"column":20}},"loc":{"start":{"line":28,"column":2},"end":{"line":28,"column":118}},"line":28},"3":{"name":"(anonymous_3)","decl":{"start":{"line":28,"column":32},"end":{"line":28,"column":33}},"loc":{"start":{"line":28,"column":41},"end":{"line":28,"column":117}},"line":28},"4":{"name":"(anonymous_4)","decl":{"start":{"line":30,"column":21},"end":{"line":30,"column":22}},"loc":{"start":{"line":33,"column":5},"end":{"line":37,"column":1}},"line":33},"5":{"name":"(anonymous_5)","decl":{"start":{"line":39,"column":14},"end":{"line":39,"column":15}},"loc":{"start":{"line":43,"column":5},"end":{"line":55,"column":1}},"line":43},"6":{"name":"(anonymous_6)","decl":{"start":{"line":57,"column":21},"end":{"line":57,"column":22}},"loc":{"start":{"line":60,"column":5},"end":{"line":66,"column":1}},"line":60}},"branchMap":{"0":{"loc":{"start":{"line":1,"column":60},"end":{"line":1,"column":106}},"type":"cond-expr","locations":[{"start":{"line":1,"column":84},"end":{"line":1,"column":87}},{"start":{"line":1,"column":90},"end":{"line":1,"column":106}}],"line":1},"1":{"loc":{"start":{"line":1,"column":60},"end":{"line":1,"column":81}},"type":"binary-expr","locations":[{"start":{"line":1,"column":60},"end":{"line":1,"column":63}},{"start":{"line":1,"column":67},"end":{"line":1,"column":81}}],"line":1},"2":{"loc":{"start":{"line":34,"column":2},"end":{"line":34,"column":24}},"type":"if","locations":[{"start":{"line":34,"column":2},"end":{"line":34,"column":24}},{"start":{"line":34,"column":2},"end":{"line":34,"column":24}}],"line":34},"3":{"loc":{"start":{"line":44,"column":2},"end":{"line":46,"column":3}},"type":"if","locations":[{"start":{"line":44,"column":2},"end":{"line":46,"column":3}},{"start":{"line":44,"column":2},"end":{"line":46,"column":3}}],"line":44},"4":{"loc":{"start":{"line":44,"column":6},"end":{"line":44,"column":35}},"type":"binary-expr","locations":[{"start":{"line":44,"column":6},"end":{"line":44,"column":9}},{"start":{"line":44,"column":13},"end":{"line":44,"column":35}}],"line":44},"5":{"loc":{"start":{"line":63,"column":2},"end":{"line":63,"column":24}},"type":"if","locations":[{"start":{"line":63,"column":2},"end":{"line":63,"column":24}},{"start":{"line":63,"column":2},"end":{"line":63,"column":24}}],"line":63}},"s":{"0":2,"1":1,"2":1,"3":1,"4":1,"5":1,"6":1,"7":1,"8":1,"9":1,"10":1,"11":1,"12":1,"13":1,"14":1,"15":1,"16":1,"17":1,"18":1,"19":1,"20":0,"21":1,"22":1,"23":1,"24":0,"25":1,"26":1,"27":0,"28":1,"29":1,"30":1,"31":0,"32":0,"33":0,"34":0,"35":1},"f":{"0":2,"1":1,"2":1,"3":1,"4":1,"5":1,"6":0},"b":{"0":[1,1],"1":[2,2],"2":[0,1],"3":[0,1],"4":[1,0],"5":[0,0]},"_coverageSchema":"43e27e138ebf9cfc5966b082cf9a028302ed4184","hash":"eba5116d292ed63176eed6e00b7fd541edffb348"}
,"/home/renan/www/relayable/packages/server/src/modules/user/UserModel.ts": {"path":"/home/renan/www/relayable/packages/server/src/modules/user/UserModel.ts","statementMap":{"0":{"start":{"line":1,"column":53},"end":{"line":1,"column":107}},"1":{"start":{"line":1,"column":109},"end":{"line":1,"column":169}},"2":{"start":{"line":1,"column":185},"end":{"line":1,"column":204}},"3":{"start":{"line":1,"column":223},"end":{"line":1,"column":256}},"4":{"start":{"line":3,"column":19},"end":{"line":27,"column":2}},"5":{"start":{"line":36,"column":18},"end":{"line":36,"column":62}},"6":{"start":{"line":38,"column":0},"end":{"line":38,"column":28}}},"fnMap":{"0":{"name":"_interopRequireDefault","decl":{"start":{"line":1,"column":23},"end":{"line":1,"column":45}},"loc":{"start":{"line":1,"column":51},"end":{"line":1,"column":109}},"line":1}},"branchMap":{"0":{"loc":{"start":{"line":1,"column":60},"end":{"line":1,"column":106}},"type":"cond-expr","locations":[{"start":{"line":1,"column":84},"end":{"line":1,"column":87}},{"start":{"line":1,"column":90},"end":{"line":1,"column":106}}],"line":1},"1":{"loc":{"start":{"line":1,"column":60},"end":{"line":1,"column":81}},"type":"binary-expr","locations":[{"start":{"line":1,"column":60},"end":{"line":1,"column":63}},{"start":{"line":1,"column":67},"end":{"line":1,"column":81}}],"line":1}},"s":{"0":1,"1":1,"2":1,"3":1,"4":1,"5":1,"6":1},"f":{"0":1},"b":{"0":[0,1],"1":[1,1]},"_coverageSchema":"43e27e138ebf9cfc5966b082cf9a028302ed4184","hash":"3666b887fa25e8e56a1954efb7a9ba3b3cd914ee"}
,"/home/renan/www/relayable/packages/server/src/modules/user/UserType.ts": {"path":"/home/renan/www/relayable/packages/server/src/modules/user/UserType.ts","statementMap":{"0":{"start":{"line":1,"column":13},"end":{"line":1,"column":73}},"1":{"start":{"line":1,"column":94},"end":{"line":1,"column":134}},"2":{"start":{"line":2,"column":15},"end":{"line":2,"column":33}},"3":{"start":{"line":3,"column":20},"end":{"line":3,"column":44}},"4":{"start":{"line":6,"column":17},"end":{"line":35,"column":1}},"5":{"start":{"line":10,"column":19},"end":{"line":32,"column":5}},"6":{"start":{"line":11,"column":69},"end":{"line":11,"column":77}},"7":{"start":{"line":14,"column":25},"end":{"line":14,"column":33}},"8":{"start":{"line":18,"column":25},"end":{"line":18,"column":39}},"9":{"start":{"line":22,"column":25},"end":{"line":22,"column":34}},"10":{"start":{"line":26,"column":25},"end":{"line":26,"column":35}},"11":{"start":{"line":30,"column":25},"end":{"line":30,"column":40}},"12":{"start":{"line":37,"column":0},"end":{"line":37,"column":27}}},"fnMap":{"0":{"name":"(anonymous_0)","decl":{"start":{"line":10,"column":12},"end":{"line":10,"column":13}},"loc":{"start":{"line":10,"column":19},"end":{"line":32,"column":5}},"line":10},"1":{"name":"(anonymous_1)","decl":{"start":{"line":11,"column":59},"end":{"line":11,"column":60}},"loc":{"start":{"line":11,"column":69},"end":{"line":11,"column":77}},"line":11},"2":{"name":"(anonymous_2)","decl":{"start":{"line":14,"column":17},"end":{"line":14,"column":18}},"loc":{"start":{"line":14,"column":25},"end":{"line":14,"column":33}},"line":14},"3":{"name":"(anonymous_3)","decl":{"start":{"line":18,"column":17},"end":{"line":18,"column":18}},"loc":{"start":{"line":18,"column":25},"end":{"line":18,"column":39}},"line":18},"4":{"name":"(anonymous_4)","decl":{"start":{"line":22,"column":17},"end":{"line":22,"column":18}},"loc":{"start":{"line":22,"column":25},"end":{"line":22,"column":34}},"line":22},"5":{"name":"(anonymous_5)","decl":{"start":{"line":26,"column":17},"end":{"line":26,"column":18}},"loc":{"start":{"line":26,"column":25},"end":{"line":26,"column":35}},"line":26},"6":{"name":"(anonymous_6)","decl":{"start":{"line":30,"column":17},"end":{"line":30,"column":18}},"loc":{"start":{"line":30,"column":25},"end":{"line":30,"column":40}},"line":30}},"branchMap":{},"s":{"0":1,"1":1,"2":1,"3":1,"4":1,"5":1,"6":1,"7":0,"8":0,"9":1,"10":0,"11":0,"12":1},"f":{"0":1,"1":1,"2":0,"3":0,"4":1,"5":0,"6":0},"b":{},"_coverageSchema":"43e27e138ebf9cfc5966b082cf9a028302ed4184","hash":"32c769dfbf9c7f95d70d57fb6593c564e2d836df"}
,"/home/renan/www/relayable/packages/server/src/modules/user/mutation/LoginWithGithub.ts": {"path":"/home/renan/www/relayable/packages/server/src/modules/user/mutation/LoginWithGithub.ts","statementMap":{"0":{"start":{"line":1,"column":53},"end":{"line":1,"column":107}},"1":{"start":{"line":1,"column":109},"end":{"line":1,"column":169}},"2":{"start":{"line":1,"column":189},"end":{"line":1,"column":213}},"3":{"start":{"line":2,"column":15},"end":{"line":2,"column":33}},"4":{"start":{"line":4,"column":15},"end":{"line":4,"column":35}},"5":{"start":{"line":5,"column":17},"end":{"line":5,"column":40}},"6":{"start":{"line":5,"column":60},"end":{"line":5,"column":94}},"7":{"start":{"line":7,"column":0},"end":{"line":48,"column":2}},"8":{"start":{"line":17,"column":17},"end":{"line":21,"column":6}},"9":{"start":{"line":23,"column":65},"end":{"line":23,"column":69}},"10":{"start":{"line":25,"column":17},"end":{"line":25,"column":73}},"11":{"start":{"line":27,"column":4},"end":{"line":29,"column":5}},"12":{"start":{"line":28,"column":6},"end":{"line":28,"column":36}},"13":{"start":{"line":31,"column":4},"end":{"line":36,"column":6}},"14":{"start":{"line":38,"column":4},"end":{"line":38,"column":23}},"15":{"start":{"line":40,"column":4},"end":{"line":40,"column":34}},"16":{"start":{"line":45,"column":24},"end":{"line":45,"column":33}}},"fnMap":{"0":{"name":"_interopRequireDefault","decl":{"start":{"line":1,"column":23},"end":{"line":1,"column":45}},"loc":{"start":{"line":1,"column":51},"end":{"line":1,"column":109}},"line":1},"1":{"name":"(anonymous_1)","decl":{"start":{"line":14,"column":23},"end":{"line":14,"column":24}},"loc":{"start":{"line":16,"column":7},"end":{"line":41,"column":3}},"line":16},"2":{"name":"(anonymous_2)","decl":{"start":{"line":45,"column":15},"end":{"line":45,"column":16}},"loc":{"start":{"line":45,"column":24},"end":{"line":45,"column":33}},"line":45}},"branchMap":{"0":{"loc":{"start":{"line":1,"column":60},"end":{"line":1,"column":106}},"type":"cond-expr","locations":[{"start":{"line":1,"column":84},"end":{"line":1,"column":87}},{"start":{"line":1,"column":90},"end":{"line":1,"column":106}}],"line":1},"1":{"loc":{"start":{"line":1,"column":60},"end":{"line":1,"column":81}},"type":"binary-expr","locations":[{"start":{"line":1,"column":60},"end":{"line":1,"column":63}},{"start":{"line":1,"column":67},"end":{"line":1,"column":81}}],"line":1},"2":{"loc":{"start":{"line":27,"column":4},"end":{"line":29,"column":5}},"type":"if","locations":[{"start":{"line":27,"column":4},"end":{"line":29,"column":5}},{"start":{"line":27,"column":4},"end":{"line":29,"column":5}}],"line":27}},"s":{"0":1,"1":1,"2":1,"3":1,"4":1,"5":1,"6":1,"7":1,"8":0,"9":0,"10":0,"11":0,"12":0,"13":0,"14":0,"15":0,"16":0},"f":{"0":1,"1":0,"2":0},"b":{"0":[1,0],"1":[1,1],"2":[0,0]},"_coverageSchema":"43e27e138ebf9cfc5966b082cf9a028302ed4184","hash":"8c8fe46f38a6f9b96ee08a98cc040090e214bd81"}
,"/home/renan/www/relayable/packages/server/src/modules/user/mutation/helpers.ts": {"path":"/home/renan/www/relayable/packages/server/src/modules/user/mutation/helpers.ts","statementMap":{"0":{"start":{"line":1,"column":13},"end":{"line":1,"column":73}},"1":{"start":{"line":1,"column":73},"end":{"line":1,"column":101}},"2":{"start":{"line":15,"column":27},"end":{"line":29,"column":6}},"3":{"start":{"line":18,"column":2},"end":{"line":29,"column":6}},"4":{"start":{"line":26,"column":17},"end":{"line":26,"column":27}},"5":{"start":{"line":28,"column":6},"end":{"line":28,"column":44}},"6":{"start":{"line":31,"column":34},"end":{"line":38,"column":6}},"7":{"start":{"line":34,"column":2},"end":{"line":38,"column":6}},"8":{"start":{"line":35,"column":17},"end":{"line":35,"column":27}},"9":{"start":{"line":37,"column":6},"end":{"line":37,"column":44}},"10":{"start":{"line":38,"column":8},"end":{"line":38,"column":67}},"11":{"start":{"line":42,"column":27},"end":{"line":49,"column":1}},"12":{"start":{"line":46,"column":24},"end":{"line":46,"column":61}},"13":{"start":{"line":47,"column":21},"end":{"line":47,"column":100}},"14":{"start":{"line":48,"column":2},"end":{"line":48,"column":44}},"15":{"start":{"line":49,"column":3},"end":{"line":49,"column":48}}},"fnMap":{"0":{"name":"(anonymous_0)","decl":{"start":{"line":15,"column":27},"end":{"line":15,"column":28}},"loc":{"start":{"line":18,"column":2},"end":{"line":29,"column":6}},"line":18},"1":{"name":"(anonymous_1)","decl":{"start":{"line":26,"column":10},"end":{"line":26,"column":11}},"loc":{"start":{"line":26,"column":17},"end":{"line":26,"column":27}},"line":26},"2":{"name":"(anonymous_2)","decl":{"start":{"line":27,"column":11},"end":{"line":27,"column":12}},"loc":{"start":{"line":27,"column":20},"end":{"line":29,"column":5}},"line":27},"3":{"name":"(anonymous_3)","decl":{"start":{"line":31,"column":34},"end":{"line":31,"column":35}},"loc":{"start":{"line":34,"column":2},"end":{"line":38,"column":6}},"line":34},"4":{"name":"(anonymous_4)","decl":{"start":{"line":35,"column":10},"end":{"line":35,"column":11}},"loc":{"start":{"line":35,"column":17},"end":{"line":35,"column":27}},"line":35},"5":{"name":"(anonymous_5)","decl":{"start":{"line":36,"column":11},"end":{"line":36,"column":12}},"loc":{"start":{"line":36,"column":20},"end":{"line":38,"column":5}},"line":36},"6":{"name":"(anonymous_6)","decl":{"start":{"line":42,"column":27},"end":{"line":42,"column":28}},"loc":{"start":{"line":45,"column":5},"end":{"line":49,"column":1}},"line":45}},"branchMap":{},"s":{"0":1,"1":1,"2":1,"3":0,"4":0,"5":0,"6":1,"7":0,"8":0,"9":0,"10":1,"11":1,"12":0,"13":0,"14":0,"15":1},"f":{"0":0,"1":0,"2":0,"3":0,"4":0,"5":0,"6":0},"b":{},"_coverageSchema":"43e27e138ebf9cfc5966b082cf9a028302ed4184","hash":"6666d3aa79a1f428c5820990e7fcdad8d88175eb"}
,"/home/renan/www/relayable/packages/server/src/modules/user/mutation/index.ts": {"path":"/home/renan/www/relayable/packages/server/src/modules/user/mutation/index.ts","statementMap":{"0":{"start":{"line":1,"column":53},"end":{"line":1,"column":107}},"1":{"start":{"line":1,"column":109},"end":{"line":1,"column":169}},"2":{"start":{"line":1,"column":192},"end":{"line":1,"column":220}},"3":{"start":{"line":1,"column":246},"end":{"line":1,"column":286}},"4":{"start":{"line":3,"column":0},"end":{"line":3,"column":65}}},"fnMap":{"0":{"name":"_interopRequireDefault","decl":{"start":{"line":1,"column":23},"end":{"line":1,"column":45}},"loc":{"start":{"line":1,"column":51},"end":{"line":1,"column":109}},"line":1}},"branchMap":{"0":{"loc":{"start":{"line":1,"column":60},"end":{"line":1,"column":106}},"type":"cond-expr","locations":[{"start":{"line":1,"column":84},"end":{"line":1,"column":87}},{"start":{"line":1,"column":90},"end":{"line":1,"column":106}}],"line":1},"1":{"loc":{"start":{"line":1,"column":60},"end":{"line":1,"column":81}},"type":"binary-expr","locations":[{"start":{"line":1,"column":60},"end":{"line":1,"column":63}},{"start":{"line":1,"column":67},"end":{"line":1,"column":81}}],"line":1}},"s":{"0":1,"1":1,"2":1,"3":1,"4":1},"f":{"0":1},"b":{"0":[1,0],"1":[1,1]},"_coverageSchema":"43e27e138ebf9cfc5966b082cf9a028302ed4184","hash":"963f7f2f315e93b3c2dde729672612357e035f2b"}
,"/home/renan/www/relayable/packages/server/src/type/MutationType.ts": {"path":"/home/renan/www/relayable/packages/server/src/type/MutationType.ts","statementMap":{"0":{"start":{"line":1,"column":53},"end":{"line":1,"column":107}},"1":{"start":{"line":1,"column":109},"end":{"line":1,"column":169}},"2":{"start":{"line":1,"column":184},"end":{"line":1,"column":202}},"3":{"start":{"line":3,"column":16},"end":{"line":3,"column":51}},"4":{"start":{"line":3,"column":70},"end":{"line":3,"column":103}},"5":{"start":{"line":5,"column":0},"end":{"line":10,"column":2}},"6":{"start":{"line":7,"column":17},"end":{"line":9,"column":3}}},"fnMap":{"0":{"name":"_interopRequireDefault","decl":{"start":{"line":1,"column":23},"end":{"line":1,"column":45}},"loc":{"start":{"line":1,"column":51},"end":{"line":1,"column":109}},"line":1},"1":{"name":"(anonymous_1)","decl":{"start":{"line":7,"column":10},"end":{"line":7,"column":11}},"loc":{"start":{"line":7,"column":17},"end":{"line":9,"column":3}},"line":7}},"branchMap":{"0":{"loc":{"start":{"line":1,"column":60},"end":{"line":1,"column":106}},"type":"cond-expr","locations":[{"start":{"line":1,"column":84},"end":{"line":1,"column":87}},{"start":{"line":1,"column":90},"end":{"line":1,"column":106}}],"line":1},"1":{"loc":{"start":{"line":1,"column":60},"end":{"line":1,"column":81}},"type":"binary-expr","locations":[{"start":{"line":1,"column":60},"end":{"line":1,"column":63}},{"start":{"line":1,"column":67},"end":{"line":1,"column":81}}],"line":1}},"s":{"0":1,"1":1,"2":1,"3":1,"4":1,"5":1,"6":1},"f":{"0":1,"1":1},"b":{"0":[1,0],"1":[1,1]},"_coverageSchema":"43e27e138ebf9cfc5966b082cf9a028302ed4184","hash":"2e1476b8ff72c00383a9055133b98bd8df5e8ac1"}
,"/home/renan/www/relayable/packages/server/src/type/QueryType.ts": {"path":"/home/renan/www/relayable/packages/server/src/type/QueryType.ts","statementMap":{"0":{"start":{"line":1,"column":53},"end":{"line":1,"column":107}},"1":{"start":{"line":1,"column":109},"end":{"line":1,"column":169}},"2":{"start":{"line":1,"column":184},"end":{"line":1,"column":202}},"3":{"start":{"line":2,"column":16},"end":{"line":2,"column":51}},"4":{"start":{"line":2,"column":70},"end":{"line":2,"column":103}},"5":{"start":{"line":3,"column":14},"end":{"line":3,"column":34}},"6":{"start":{"line":4,"column":20},"end":{"line":4,"column":44}},"7":{"start":{"line":5,"column":21},"end":{"line":5,"column":58}},"8":{"start":{"line":8,"column":0},"end":{"line":44,"column":2}},"9":{"start":{"line":11,"column":17},"end":{"line":43,"column":3}},"10":{"start":{"line":15,"column":8},"end":{"line":17,"column":21}},"11":{"start":{"line":22,"column":36},"end":{"line":22,"column":40}},"12":{"start":{"line":35,"column":8},"end":{"line":38,"column":9}},"13":{"start":{"line":36,"column":25},"end":{"line":36,"column":73}},"14":{"start":{"line":37,"column":10},"end":{"line":37,"column":53}},"15":{"start":{"line":40,"column":8},"end":{"line":40,"column":66}}},"fnMap":{"0":{"name":"_interopRequireDefault","decl":{"start":{"line":1,"column":23},"end":{"line":1,"column":45}},"loc":{"start":{"line":1,"column":51},"end":{"line":1,"column":109}},"line":1},"1":{"name":"(anonymous_1)","decl":{"start":{"line":11,"column":10},"end":{"line":11,"column":11}},"loc":{"start":{"line":11,"column":17},"end":{"line":43,"column":3}},"line":11},"2":{"name":"(anonymous_2)","decl":{"start":{"line":14,"column":15},"end":{"line":14,"column":16}},"loc":{"start":{"line":15,"column":8},"end":{"line":17,"column":21}},"line":15},"3":{"name":"(anonymous_3)","decl":{"start":{"line":22,"column":15},"end":{"line":22,"column":16}},"loc":{"start":{"line":22,"column":36},"end":{"line":22,"column":40}},"line":22},"4":{"name":"(anonymous_4)","decl":{"start":{"line":34,"column":15},"end":{"line":34,"column":16}},"loc":{"start":{"line":34,"column":37},"end":{"line":41,"column":7}},"line":34}},"branchMap":{"0":{"loc":{"start":{"line":1,"column":60},"end":{"line":1,"column":106}},"type":"cond-expr","locations":[{"start":{"line":1,"column":84},"end":{"line":1,"column":87}},{"start":{"line":1,"column":90},"end":{"line":1,"column":106}}],"line":1},"1":{"loc":{"start":{"line":1,"column":60},"end":{"line":1,"column":81}},"type":"binary-expr","locations":[{"start":{"line":1,"column":60},"end":{"line":1,"column":63}},{"start":{"line":1,"column":67},"end":{"line":1,"column":81}}],"line":1},"2":{"loc":{"start":{"line":35,"column":8},"end":{"line":38,"column":9}},"type":"if","locations":[{"start":{"line":35,"column":8},"end":{"line":38,"column":9}},{"start":{"line":35,"column":8},"end":{"line":38,"column":9}}],"line":35}},"s":{"0":1,"1":1,"2":1,"3":1,"4":1,"5":1,"6":1,"7":1,"8":1,"9":1,"10":0,"11":0,"12":0,"13":0,"14":0,"15":0},"f":{"0":1,"1":1,"2":0,"3":0,"4":0},"b":{"0":[1,0],"1":[1,1],"2":[0,0]},"_coverageSchema":"43e27e138ebf9cfc5966b082cf9a028302ed4184","hash":"a954e8b16bc286b49ed34623b507346f5447dd38"}
,"/home/renan/www/relayable/packages/server/test/createRows.js": {"path":"/home/renan/www/relayable/packages/server/test/createRows.js","statementMap":{"0":{"start":{"line":1,"column":13},"end":{"line":1,"column":73}},"1":{"start":{"line":1,"column":86},"end":{"line":1,"column":109}},"2":{"start":{"line":3,"column":25},"end":{"line":8,"column":1}},"3":{"start":{"line":4,"column":2},"end":{"line":7,"column":3}},"4":{"start":{"line":5,"column":21},"end":{"line":5,"column":43}},"5":{"start":{"line":8,"column":3},"end":{"line":8,"column":44}},"6":{"start":{"line":10,"column":20},"end":{"line":20,"column":1}},"7":{"start":{"line":11,"column":13},"end":{"line":11,"column":42}},"8":{"start":{"line":13,"column":2},"end":{"line":19,"column":11}},"9":{"start":{"line":20,"column":3},"end":{"line":20,"column":34}}},"fnMap":{"0":{"name":"(anonymous_0)","decl":{"start":{"line":3,"column":25},"end":{"line":3,"column":26}},"loc":{"start":{"line":3,"column":31},"end":{"line":8,"column":1}},"line":3},"1":{"name":"(anonymous_1)","decl":{"start":{"line":5,"column":4},"end":{"line":5,"column":5}},"loc":{"start":{"line":5,"column":21},"end":{"line":5,"column":43}},"line":5},"2":{"name":"(anonymous_2)","decl":{"start":{"line":10,"column":20},"end":{"line":10,"column":21}},"loc":{"start":{"line":10,"column":44},"end":{"line":20,"column":1}},"line":10}},"branchMap":{"0":{"loc":{"start":{"line":10,"column":27},"end":{"line":10,"column":39}},"type":"default-arg","locations":[{"start":{"line":10,"column":37},"end":{"line":10,"column":39}}],"line":10}},"s":{"0":1,"1":1,"2":1,"3":1,"4":1,"5":1,"6":1,"7":1,"8":1,"9":1},"f":{"0":1,"1":1,"2":1},"b":{"0":[1]},"_coverageSchema":"43e27e138ebf9cfc5966b082cf9a028302ed4184","hash":"406783d1db45e6b677a9f4d6e50f3ef9cf44beeb"}
,"/home/renan/www/relayable/packages/server/test/helper.js": {"path":"/home/renan/www/relayable/packages/server/test/helper.js","statementMap":{"0":{"start":{"line":1,"column":54},"end":{"line":1,"column":285}},"1":{"start":{"line":1,"column":83},"end":{"line":1,"column":94}},"2":{"start":{"line":1,"column":117},"end":{"line":1,"column":119}},"3":{"start":{"line":1,"column":121},"end":{"line":1,"column":246}},"4":{"start":{"line":1,"column":140},"end":{"line":1,"column":244}},"5":{"start":{"line":1,"column":163},"end":{"line":1,"column":242}},"6":{"start":{"line":1,"column":217},"end":{"line":1,"column":240}},"7":{"start":{"line":1,"column":247},"end":{"line":1,"column":268}},"8":{"start":{"line":1,"column":269},"end":{"line":1,"column":283}},"9":{"start":{"line":1,"column":327},"end":{"line":1,"column":381}},"10":{"start":{"line":1,"column":383},"end":{"line":1,"column":443}},"11":{"start":{"line":1,"column":459},"end":{"line":1,"column":478}},"12":{"start":{"line":1,"column":497},"end":{"line":1,"column":530}},"13":{"start":{"line":3,"column":14},"end":{"line":3,"column":38}},"14":{"start":{"line":3,"column":54},"end":{"line":3,"column":86}},"15":{"start":{"line":4,"column":19},"end":{"line":4,"column":42}},"16":{"start":{"line":4,"column":62},"end":{"line":4,"column":99}},"17":{"start":{"line":6,"column":20},"end":{"line":6,"column":31}},"18":{"start":{"line":6,"column":33},"end":{"line":6,"column":64}},"19":{"start":{"line":11,"column":0},"end":{"line":11,"column":29}},"20":{"start":{"line":13,"column":24},"end":{"line":18,"column":1}},"21":{"start":{"line":24,"column":2},"end":{"line":24,"column":24}},"22":{"start":{"line":25,"column":2},"end":{"line":31,"column":3}},"23":{"start":{"line":32,"column":2},"end":{"line":32,"column":44}},"24":{"start":{"line":35,"column":2},"end":{"line":35,"column":55}},"25":{"start":{"line":36,"column":2},"end":{"line":36,"column":40}},"26":{"start":{"line":39,"column":2},"end":{"line":39,"column":39}},"27":{"start":{"line":40,"column":2},"end":{"line":51,"column":4}},"28":{"start":{"line":41,"column":23},"end":{"line":41,"column":53}},"29":{"start":{"line":43,"column":4},"end":{"line":45,"column":6}},"30":{"start":{"line":44,"column":6},"end":{"line":44,"column":41}},"31":{"start":{"line":47,"column":28},"end":{"line":47,"column":63}},"32":{"start":{"line":48,"column":4},"end":{"line":50,"column":6}},"33":{"start":{"line":49,"column":6},"end":{"line":49,"column":51}},"34":{"start":{"line":53,"column":27},"end":{"line":53,"column":71}},"35":{"start":{"line":54,"column":2},"end":{"line":56,"column":4}},"36":{"start":{"line":55,"column":4},"end":{"line":55,"column":59}},"37":{"start":{"line":57,"column":2},"end":{"line":57,"column":50}},"38":{"start":{"line":60,"column":2},"end":{"line":60,"column":23}},"39":{"start":{"line":61,"column":2},"end":{"line":61,"column":38}},"40":{"start":{"line":62,"column":2},"end":{"line":62,"column":64}},"41":{"start":{"line":65,"column":22},"end":{"line":71,"column":3}},"42":{"start":{"line":66,"column":26},"end":{"line":69,"column":5}},"43":{"start":{"line":73,"column":2},"end":{"line":77,"column":3}},"44":{"start":{"line":78,"column":2},"end":{"line":78,"column":34}}},"fnMap":{"0":{"name":"_interopRequireWildcard","decl":{"start":{"line":1,"column":23},"end":{"line":1,"column":46}},"loc":{"start":{"line":1,"column":52},"end":{"line":1,"column":287}},"line":1},"1":{"name":"_interopRequireDefault","decl":{"start":{"line":1,"column":297},"end":{"line":1,"column":319}},"loc":{"start":{"line":1,"column":325},"end":{"line":1,"column":383}},"line":1},"2":{"name":"connectMongoose","decl":{"start":{"line":23,"column":16},"end":{"line":23,"column":31}},"loc":{"start":{"line":23,"column":35},"end":{"line":32,"column":1}},"line":23},"3":{"name":"clearDatabase","decl":{"start":{"line":34,"column":16},"end":{"line":34,"column":29}},"loc":{"start":{"line":34,"column":33},"end":{"line":36,"column":1}},"line":34},"4":{"name":"disconnectMongoose","decl":{"start":{"line":38,"column":16},"end":{"line":38,"column":34}},"loc":{"start":{"line":38,"column":38},"end":{"line":57,"column":1}},"line":38},"5":{"name":"(anonymous_5)","decl":{"start":{"line":40,"column":41},"end":{"line":40,"column":42}},"loc":{"start":{"line":40,"column":57},"end":{"line":51,"column":3}},"line":40},"6":{"name":"(anonymous_6)","decl":{"start":{"line":43,"column":23},"end":{"line":43,"column":24}},"loc":{"start":{"line":43,"column":38},"end":{"line":45,"column":5}},"line":43},"7":{"name":"(anonymous_7)","decl":{"start":{"line":48,"column":28},"end":{"line":48,"column":29}},"loc":{"start":{"line":48,"column":48},"end":{"line":50,"column":5}},"line":48},"8":{"name":"(anonymous_8)","decl":{"start":{"line":54,"column":27},"end":{"line":54,"column":28}},"loc":{"start":{"line":54,"column":48},"end":{"line":56,"column":3}},"line":54},"9":{"name":"clearDbAndRestartCounters","decl":{"start":{"line":59,"column":16},"end":{"line":59,"column":41}},"loc":{"start":{"line":59,"column":45},"end":{"line":62,"column":1}},"line":59},"10":{"name":"getContext","decl":{"start":{"line":64,"column":10},"end":{"line":64,"column":20}},"loc":{"start":{"line":64,"column":31},"end":{"line":78,"column":1}},"line":64},"11":{"name":"(anonymous_11)","decl":{"start":{"line":66,"column":4},"end":{"line":66,"column":5}},"loc":{"start":{"line":66,"column":26},"end":{"line":69,"column":5}},"line":66}},"branchMap":{"0":{"loc":{"start":{"line":1,"column":54},"end":{"line":1,"column":285}},"type":"if","locations":[{"start":{"line":1,"column":54},"end":{"line":1,"column":285}},{"start":{"line":1,"column":54},"end":{"line":1,"column":285}}],"line":1},"1":{"loc":{"start":{"line":1,"column":58},"end":{"line":1,"column":79}},"type":"binary-expr","locations":[{"start":{"line":1,"column":58},"end":{"line":1,"column":61}},{"start":{"line":1,"column":65},"end":{"line":1,"column":79}}],"line":1},"2":{"loc":{"start":{"line":1,"column":121},"end":{"line":1,"column":246}},"type":"if","locations":[{"start":{"line":1,"column":121},"end":{"line":1,"column":246}},{"start":{"line":1,"column":121},"end":{"line":1,"column":246}}],"line":1},"3":{"loc":{"start":{"line":1,"column":163},"end":{"line":1,"column":242}},"type":"if","locations":[{"start":{"line":1,"column":163},"end":{"line":1,"column":242}},{"start":{"line":1,"column":163},"end":{"line":1,"column":242}}],"line":1},"4":{"loc":{"start":{"line":1,"column":334},"end":{"line":1,"column":380}},"type":"cond-expr","locations":[{"start":{"line":1,"column":358},"end":{"line":1,"column":361}},{"start":{"line":1,"column":364},"end":{"line":1,"column":380}}],"line":1},"5":{"loc":{"start":{"line":1,"column":334},"end":{"line":1,"column":355}},"type":"binary-expr","locations":[{"start":{"line":1,"column":334},"end":{"line":1,"column":337}},{"start":{"line":1,"column":341},"end":{"line":1,"column":355}}],"line":1}},"s":{"0":2,"1":2,"2":0,"3":0,"4":0,"5":0,"6":0,"7":0,"8":0,"9":1,"10":1,"11":1,"12":1,"13":1,"14":1,"15":1,"16":1,"17":1,"18":1,"19":1,"20":1,"21":1,"22":1,"23":1,"24":1,"25":1,"26":1,"27":1,"28":1,"29":1,"30":1,"31":1,"32":1,"33":1,"34":1,"35":1,"36":1,"37":1,"38":1,"39":1,"40":1,"41":1,"42":1,"43":1,"44":1},"f":{"0":2,"1":1,"2":1,"3":1,"4":1,"5":1,"6":1,"7":1,"8":1,"9":1,"10":1,"11":1},"b":{"0":[2,0],"1":[2,2],"2":[0,0],"3":[0,0],"4":[0,1],"5":[1,1]},"_coverageSchema":"43e27e138ebf9cfc5966b082cf9a028302ed4184","hash":"ad9078490c2bb311fbc7c718bbddf9133891461b"}
}
