TN:
SF:/home/renan/www/relayable/packages/server/src/schema.ts
FN:1,_interopRequireDefault
FNF:1
FNH:1
FNDA:2,_interopRequireDefault
DA:1,2
DA:3,1
DA:4,1
DA:6,1
DA:10,1
LF:5
LH:5
BRDA:1,0,0,2
BRDA:1,0,1,0
BRDA:1,1,0,2
BRDA:1,1,1,2
BRF:4
BRH:3
end_of_record
TN:
SF:/home/renan/www/relayable/packages/server/src/interface/NodeInterface.ts
FN:1,_interopRequireWildcard
FN:1,_interopRequireDefault
FN:14,registerType
FN:29,(anonymous_3)
FN:36,(anonymous_4)
FNF:5
FNH:4
FNDA:1,_interopRequireWildcard
FNDA:0,_interopRequireDefault
FNDA:1,registerType
FNDA:1,(anonymous_3)
FNDA:1,(anonymous_4)
DA:1,1
DA:3,1
DA:6,1
DA:12,1
DA:15,1
DA:16,1
DA:17,1
DA:28,1
DA:30,1
DA:31,1
DA:33,1
DA:36,1
LF:12
LH:12
BRDA:1,0,0,1
BRDA:1,0,1,0
BRDA:1,1,0,1
BRDA:1,1,1,1
BRDA:1,2,0,0
BRDA:1,2,1,0
BRDA:1,3,0,0
BRDA:1,3,1,0
BRDA:1,4,0,0
BRDA:1,4,1,0
BRDA:1,5,0,0
BRDA:1,5,1,0
BRDA:33,6,0,1
BRDA:33,6,1,1
BRDA:33,6,2,0
BRDA:36,7,0,1
BRDA:36,7,1,0
BRF:17
BRH:6
end_of_record
TN:
SF:/home/renan/www/relayable/packages/server/src/loader/index.ts
FN:1,_interopRequireWildcard
FNF:1
FNH:1
FNDA:1,_interopRequireWildcard
DA:1,1
DA:3,1
LF:2
LH:2
BRDA:1,0,0,1
BRDA:1,0,1,0
BRDA:1,1,0,1
BRDA:1,1,1,1
BRDA:1,2,0,0
BRDA:1,2,1,0
BRDA:1,3,0,0
BRDA:1,3,1,0
BRF:8
BRH:3
end_of_record
TN:
SF:/home/renan/www/relayable/packages/server/src/model/index.ts
FN:1,_interopRequireDefault
FNF:1
FNH:1
FNDA:1,_interopRequireDefault
DA:1,1
DA:3,1
LF:2
LH:2
BRDA:1,0,0,1
BRDA:1,0,1,0
BRDA:1,1,0,1
BRDA:1,1,1,1
BRF:4
BRH:3
end_of_record
TN:
SF:/home/renan/www/relayable/packages/server/src/modules/user/UserLoader.ts
FN:1,_interopRequireDefault
FN:17,(anonymous_1)
FN:27,(anonymous_2)
FN:28,(anonymous_3)
FN:30,(anonymous_4)
FN:39,(anonymous_5)
FN:57,(anonymous_6)
FNF:7
FNH:6
FNDA:2,_interopRequireDefault
FNDA:1,(anonymous_1)
FNDA:1,(anonymous_2)
FNDA:1,(anonymous_3)
FNDA:1,(anonymous_4)
FNDA:1,(anonymous_5)
FNDA:0,(anonymous_6)
DA:1,2
DA:2,1
DA:4,1
DA:18,1
DA:19,1
DA:20,1
DA:21,1
DA:22,1
DA:23,1
DA:25,1
DA:27,1
DA:28,1
DA:30,1
DA:34,1
DA:36,1
DA:39,1
DA:44,1
DA:45,0
DA:49,1
DA:50,1
DA:52,0
DA:54,1
DA:55,1
DA:57,1
DA:61,0
DA:63,0
DA:65,0
DA:66,1
LF:28
LH:23
BRDA:1,0,0,1
BRDA:1,0,1,1
BRDA:1,1,0,2
BRDA:1,1,1,2
BRDA:34,2,0,0
BRDA:34,2,1,1
BRDA:44,3,0,0
BRDA:44,3,1,1
BRDA:44,4,0,1
BRDA:44,4,1,0
BRDA:63,5,0,0
BRDA:63,5,1,0
BRF:12
BRH:7
end_of_record
TN:
SF:/home/renan/www/relayable/packages/server/src/modules/user/UserModel.ts
FN:1,_interopRequireDefault
FNF:1
FNH:1
FNDA:1,_interopRequireDefault
DA:1,1
DA:3,1
DA:36,1
DA:38,1
LF:4
LH:4
BRDA:1,0,0,0
BRDA:1,0,1,1
BRDA:1,1,0,1
BRDA:1,1,1,1
BRF:4
BRH:3
end_of_record
TN:
SF:/home/renan/www/relayable/packages/server/src/modules/user/UserType.ts
FN:10,(anonymous_0)
FN:11,(anonymous_1)
FN:14,(anonymous_2)
FN:18,(anonymous_3)
FN:22,(anonymous_4)
FN:26,(anonymous_5)
FN:30,(anonymous_6)
FNF:7
FNH:3
FNDA:1,(anonymous_0)
FNDA:1,(anonymous_1)
FNDA:0,(anonymous_2)
FNDA:0,(anonymous_3)
FNDA:1,(anonymous_4)
FNDA:0,(anonymous_5)
FNDA:0,(anonymous_6)
DA:1,1
DA:2,1
DA:3,1
DA:6,1
DA:10,1
DA:11,1
DA:14,0
DA:18,0
DA:22,1
DA:26,0
DA:30,0
DA:37,1
LF:12
LH:8
BRF:0
BRH:0
end_of_record
TN:
SF:/home/renan/www/relayable/packages/server/src/modules/user/mutation/LoginWithGithub.ts
FN:1,_interopRequireDefault
FN:14,(anonymous_1)
FN:45,(anonymous_2)
FNF:3
FNH:1
FNDA:1,_interopRequireDefault
FNDA:0,(anonymous_1)
FNDA:0,(anonymous_2)
DA:1,1
DA:2,1
DA:4,1
DA:5,1
DA:7,1
DA:17,0
DA:23,0
DA:25,0
DA:27,0
DA:28,0
DA:31,0
DA:38,0
DA:40,0
DA:45,0
LF:14
LH:5
BRDA:1,0,0,1
BRDA:1,0,1,0
BRDA:1,1,0,1
BRDA:1,1,1,1
BRDA:27,2,0,0
BRDA:27,2,1,0
BRF:6
BRH:3
end_of_record
TN:
SF:/home/renan/www/relayable/packages/server/src/modules/user/mutation/helpers.ts
FN:15,(anonymous_0)
FN:26,(anonymous_1)
FN:27,(anonymous_2)
FN:31,(anonymous_3)
FN:35,(anonymous_4)
FN:36,(anonymous_5)
FN:42,(anonymous_6)
FNF:7
FNH:0
FNDA:0,(anonymous_0)
FNDA:0,(anonymous_1)
FNDA:0,(anonymous_2)
FNDA:0,(anonymous_3)
FNDA:0,(anonymous_4)
FNDA:0,(anonymous_5)
FNDA:0,(anonymous_6)
DA:1,1
DA:15,1
DA:18,0
DA:26,0
DA:28,0
DA:31,1
DA:34,0
DA:35,0
DA:37,0
DA:38,1
DA:42,1
DA:46,0
DA:47,0
DA:48,0
DA:49,1
LF:15
LH:6
BRF:0
BRH:0
end_of_record
TN:
SF:/home/renan/www/relayable/packages/server/src/modules/user/mutation/index.ts
FN:1,_interopRequireDefault
FNF:1
FNH:1
FNDA:1,_interopRequireDefault
DA:1,1
DA:3,1
LF:2
LH:2
BRDA:1,0,0,1
BRDA:1,0,1,0
BRDA:1,1,0,1
BRDA:1,1,1,1
BRF:4
BRH:3
end_of_record
TN:
SF:/home/renan/www/relayable/packages/server/src/type/MutationType.ts
FN:1,_interopRequireDefault
FN:7,(anonymous_1)
FNF:2
FNH:2
FNDA:1,_interopRequireDefault
FNDA:1,(anonymous_1)
DA:1,1
DA:3,1
DA:5,1
DA:7,1
LF:4
LH:4
BRDA:1,0,0,1
BRDA:1,0,1,0
BRDA:1,1,0,1
BRDA:1,1,1,1
BRF:4
BRH:3
end_of_record
TN:
SF:/home/renan/www/relayable/packages/server/src/type/QueryType.ts
FN:1,_interopRequireDefault
FN:11,(anonymous_1)
FN:14,(anonymous_2)
FN:22,(anonymous_3)
FN:34,(anonymous_4)
FNF:5
FNH:2
FNDA:1,_interopRequireDefault
FNDA:1,(anonymous_1)
FNDA:0,(anonymous_2)
FNDA:0,(anonymous_3)
FNDA:0,(anonymous_4)
DA:1,1
DA:2,1
DA:3,1
DA:4,1
DA:5,1
DA:8,1
DA:11,1
DA:15,0
DA:22,0
DA:35,0
DA:36,0
DA:37,0
DA:40,0
LF:13
LH:7
BRDA:1,0,0,1
BRDA:1,0,1,0
BRDA:1,1,0,1
BRDA:1,1,1,1
BRDA:35,2,0,0
BRDA:35,2,1,0
BRF:6
BRH:3
end_of_record
TN:
SF:/home/renan/www/relayable/packages/server/test/createRows.js
FN:3,(anonymous_0)
FN:5,(anonymous_1)
FN:10,(anonymous_2)
FNF:3
FNH:3
FNDA:1,(anonymous_0)
FNDA:1,(anonymous_1)
FNDA:1,(anonymous_2)
DA:1,1
DA:3,1
DA:4,1
DA:5,1
DA:8,1
DA:10,1
DA:11,1
DA:13,1
DA:20,1
LF:9
LH:9
BRDA:10,0,0,1
BRF:1
BRH:1
end_of_record
TN:
SF:/home/renan/www/relayable/packages/server/test/helper.js
FN:1,_interopRequireWildcard
FN:1,_interopRequireDefault
FN:23,connectMongoose
FN:34,clearDatabase
FN:38,disconnectMongoose
FN:40,(anonymous_5)
FN:43,(anonymous_6)
FN:48,(anonymous_7)
FN:54,(anonymous_8)
FN:59,clearDbAndRestartCounters
FN:64,getContext
FN:66,(anonymous_11)
FNF:12
FNH:12
FNDA:2,_interopRequireWildcard
FNDA:1,_interopRequireDefault
FNDA:1,connectMongoose
FNDA:1,clearDatabase
FNDA:1,disconnectMongoose
FNDA:1,(anonymous_5)
FNDA:1,(anonymous_6)
FNDA:1,(anonymous_7)
FNDA:1,(anonymous_8)
FNDA:1,clearDbAndRestartCounters
FNDA:1,getContext
FNDA:1,(anonymous_11)
DA:1,2
DA:3,1
DA:4,1
DA:6,1
DA:11,1
DA:13,1
DA:24,1
DA:25,1
DA:32,1
DA:35,1
DA:36,1
DA:39,1
DA:40,1
DA:41,1
DA:43,1
DA:44,1
DA:47,1
DA:48,1
DA:49,1
DA:53,1
DA:54,1
DA:55,1
DA:57,1
DA:60,1
DA:61,1
DA:62,1
DA:65,1
DA:66,1
DA:73,1
DA:78,1
LF:30
LH:30
BRDA:1,0,0,2
BRDA:1,0,1,0
BRDA:1,1,0,2
BRDA:1,1,1,2
BRDA:1,2,0,0
BRDA:1,2,1,0
BRDA:1,3,0,0
BRDA:1,3,1,0
BRDA:1,4,0,0
BRDA:1,4,1,1
BRDA:1,5,0,1
BRDA:1,5,1,1
BRF:12
BRH:6
end_of_record
